<?xml version="1.0" encoding="UTF-8"?>
<!-- Generated by org.testng.reporters.JUnitXMLReporter -->
<testsuite hostname="Vasile-PC" ignored="8" name="Test123" tests="12" failures="4" timestamp="2020-06-20T12:59:12 EEST" time="0.061" errors="0">
  <testcase name="doUserReg" time="0.003" classname="testcases.TestCase1"/>
  <testcase name="doLogin" time="0.001" classname="testcases.TestCase1"/>
  <testcase name="validateTitles" time="0.005" classname="testcases.TestCase2">
    <failure type="java.lang.AssertionError" message="The following asserts failed:
	expected [Yahoo.com] but found [Gmail.com],
	image not present expected [false] but found [true],
	text box not present expected [false] but found [true]">
      <![CDATA[java.lang.AssertionError: The following asserts failed:
expected [Yahoo.com] but found [Gmail.com],
image not present expected [false] but found [true],
text box not present expected [false] but found [true]
at testcases.TestCase2.validateTitles(TestCase2.java:43)
at java.util.ArrayList.forEach(Unknown Source)
... Removed 29 stack frames]]>
    </failure>
  </testcase> <!-- validateTitles -->
  <testcase name="doUserReg" time="0.001" classname="testcases.TestCase3">
    <failure type="java.lang.AssertionError" message="User not registered successfully">
      <![CDATA[java.lang.AssertionError: User not registered successfully
at testcases.TestCase3.doUserReg(TestCase3.java:13)
at java.util.ArrayList.forEach(Unknown Source)
... Removed 28 stack frames]]>
    </failure>
  </testcase> <!-- doUserReg -->
  <testcase name="doLogin" time="0.0" classname="testcases.TestCase3">
    <skipped/>
  </testcase> <!-- doLogin -->
  <testcase name="thirdTest" time="0.001" classname="testcases.TestCase3"/>
  <testcase name="fourthTest" time="0.001" classname="testcases.TestCase3"/>
  <testcase name="doLogin" time="0.0" classname="testcases.TestFailure">
    <failure type="java.lang.AssertionError" message="Failing the login test">
      <![CDATA[java.lang.AssertionError: Failing the login test
at testcases.TestFailure.doLogin(TestFailure.java:11)
at java.util.ArrayList.forEach(Unknown Source)
... Removed 28 stack frames]]>
    </failure>
  </testcase> <!-- doLogin -->
  <testcase name="validateTitles" time="0.005" classname="regression.TestCase2">
    <failure type="java.lang.AssertionError" message="The following asserts failed:
	expected [Yahoo.com] but found [Gmail.com],
	image not present expected [false] but found [true],
	text box not present expected [false] but found [true]">
      <![CDATA[java.lang.AssertionError: The following asserts failed:
expected [Yahoo.com] but found [Gmail.com],
image not present expected [false] but found [true],
text box not present expected [false] but found [true]
at regression.TestCase2.validateTitles(TestCase2.java:43)
at java.util.ArrayList.forEach(Unknown Source)
... Removed 29 stack frames]]>
    </failure>
  </testcase> <!-- validateTitles -->
  <testcase name="doUserReg" time="0.0" classname="regression.TestCase1"/>
  <testcase name="doLogin" time="0.001" classname="regression.TestCase1"/>
  <testcase name="isSkip" time="0.001" classname="testcases.TestSkip">
    <skipped/>
  </testcase> <!-- isSkip -->
  <testcase name="@AfterSuite tearDown" time="0.0" classname="testcases.BaseTest">
    <ignored/>
  </testcase> <!-- @AfterSuite tearDown -->
  <testcase name="@AfterSuite tearDown" time="0.0" classname="testcases.BaseTest">
    <ignored/>
  </testcase> <!-- @AfterSuite tearDown -->
  <testcase name="@AfterSuite tearDown" time="0.0" classname="testcases.BaseTest">
    <ignored/>
  </testcase> <!-- @AfterSuite tearDown -->
  <testcase name="@AfterSuite tearDown" time="0.0" classname="testcases.BaseTest">
    <ignored/>
  </testcase> <!-- @AfterSuite tearDown -->
  <testcase name="@BeforeSuite setUp" time="0.0" classname="testcases.BaseTest">
    <ignored/>
  </testcase> <!-- @BeforeSuite setUp -->
  <testcase name="@BeforeSuite setUp" time="0.0" classname="testcases.BaseTest">
    <ignored/>
  </testcase> <!-- @BeforeSuite setUp -->
  <testcase name="@BeforeSuite setUp" time="0.0" classname="testcases.BaseTest">
    <ignored/>
  </testcase> <!-- @BeforeSuite setUp -->
  <testcase name="@BeforeSuite setUp" time="0.0" classname="testcases.BaseTest">
    <ignored/>
  </testcase> <!-- @BeforeSuite setUp -->
</testsuite> <!-- Test123 -->
